<?xml version="1.0" encoding="UTF-8"?>
<!-- Generated by org.testng.reporters.JUnitReportReporter -->
<testsuite hostname="DESKTOP-2GKMTEC" failures="0" tests="1" name="test.Meeshotst" time="0.437" errors="0" timestamp="2023-06-22T10:46:32 IST" skipped="0">
  <testcase classname="test.Meeshotst" name="testmeesho" time="0.437"/>
  <system-out/>
</testsuite> <!-- test.Meeshotst -->
